[    1496ms] [LOG] %cmetric: color:gray {name: LCP, entries: Array(1), value: 8412, rating: poor, delta: 8412} @ https://unsplash.com/a/en-US/4160.a89cffb7.js:13
[    1508ms] [LOG] %cusr: color:gray {locale: en-US} @ https://unsplash.com/a/en-US/4160.a89cffb7.js:13
[    1508ms] [LOG] %croute_data: color:gray Search-Photos @ https://unsplash.com/a/en-US/4160.a89cffb7.js:13
[    1517ms] [LOG] %cmetric: color:gray {name: CLS, entries: Array(0), value: 0, rating: good, delta: 0} @ https://unsplash.com/a/en-US/4160.a89cffb7.js:13
[    1517ms] [LOG] %cusr: color:gray {locale: en-US} @ https://unsplash.com/a/en-US/4160.a89cffb7.js:13
[    1518ms] [LOG] %croute_data: color:gray Search-Photos @ https://unsplash.com/a/en-US/4160.a89cffb7.js:13
[    8781ms] [ERROR] Failed to load resource: net::ERR_CONNECTION_CLOSED @ https://images.unsplash.com/photo-1665507279638-5b48073c637b?w=500&auto=format&fit=crop&q=60&ixlib=rb-4.1.0&ixid=M3wxMjA3fDB8MHxzZWFyY2h8Mnx8bHV4dXJ5JTIwa2l0Y2hlbiUyMHRpbGV8ZW58MHwwfDB8fHww:0
[    8799ms] [ERROR] Failed to load resource: net::ERR_CONNECTION_CLOSED @ https://images.unsplash.com/photo-1696986681436-f5ee12981bc9?w=500&auto=format&fit=crop&q=60&ixlib=rb-4.1.0&ixid=M3wxMjA3fDB8MHxzZWFyY2h8M3x8bHV4dXJ5JTIwa2l0Y2hlbiUyMHRpbGV8ZW58MHwwfDB8fHww:0
[    8799ms] [ERROR] Failed to load resource: net::ERR_CONNECTION_CLOSED @ https://images.unsplash.com/photo-1682888818620-94875adf5bb9?w=500&auto=format&fit=crop&q=60&ixlib=rb-4.1.0&ixid=M3wxMjA3fDB8MHxzZWFyY2h8Nnx8bHV4dXJ5JTIwa2l0Y2hlbiUyMHRpbGV8ZW58MHwwfDB8fHww:0
[    8799ms] [ERROR] Failed to load resource: net::ERR_CONNECTION_CLOSED @ https://images.unsplash.com/photo-1613545564235-db7af30081bf?w=500&auto=format&fit=crop&q=60&ixlib=rb-4.1.0&ixid=M3wxMjA3fDB8MHxzZWFyY2h8MTZ8fGx1eHVyeSUyMGtpdGNoZW4lMjB0aWxlfGVufDB8MHwwfHx8MA%3D%3D:0
[    8800ms] [ERROR] Failed to load resource: net::ERR_CONNECTION_CLOSED @ https://images.unsplash.com/photo-1611095210561-67f0832b1ca3?w=500&auto=format&fit=crop&q=60&ixlib=rb-4.1.0&ixid=M3wxMjA3fDB8MHxzZWFyY2h8NHx8bHV4dXJ5JTIwa2l0Y2hlbiUyMHRpbGV8ZW58MHwwfDB8fHww:0
[    8800ms] [ERROR] Failed to load resource: net::ERR_CONNECTION_CLOSED @ https://images.unsplash.com/photo-1683629357963-adf2b1fa9ad9?w=500&auto=format&fit=crop&q=60&ixlib=rb-4.1.0&ixid=M3wxMjA3fDB8MHxzZWFyY2h8N3x8bHV4dXJ5JTIwa2l0Y2hlbiUyMHRpbGV8ZW58MHwwfDB8fHww:0
[    8800ms] [ERROR] Failed to load resource: net::ERR_CONNECTION_CLOSED @ https://images.unsplash.com/photo-1635321350281-e2a91ecffd00?w=500&auto=format&fit=crop&q=60&ixlib=rb-4.1.0&ixid=M3wxMjA3fDB8MHxzZWFyY2h8MTB8fGx1eHVyeSUyMGtpdGNoZW4lMjB0aWxlfGVufDB8MHwwfHx8MA%3D%3D:0
[    8800ms] [ERROR] Failed to load resource: net::ERR_CONNECTION_CLOSED @ https://images.unsplash.com/photo-1556912173-3bb406ef7e77?w=500&auto=format&fit=crop&q=60&ixlib=rb-4.1.0&ixid=M3wxMjA3fDB8MHxzZWFyY2h8MTJ8fGx1eHVyeSUyMGtpdGNoZW4lMjB0aWxlfGVufDB8MHwwfHx8MA%3D%3D:0
[    8800ms] [ERROR] Failed to load resource: net::ERR_CONNECTION_CLOSED @ https://images.unsplash.com/photo-1564540586988-aa4e53c3d799?w=500&auto=format&fit=crop&q=60&ixlib=rb-4.1.0&ixid=M3wxMjA3fDB8MHxzZWFyY2h8MTV8fGx1eHVyeSUyMGtpdGNoZW4lMjB0aWxlfGVufDB8MHwwfHx8MA%3D%3D:0
[    8800ms] [ERROR] Failed to load resource: net::ERR_CONNECTION_CLOSED @ https://images.unsplash.com/photo-1631048501619-a27088a3bb70?w=500&auto=format&fit=crop&q=60&ixlib=rb-4.1.0&ixid=M3wxMjA3fDB8MHxzZWFyY2h8OHx8bHV4dXJ5JTIwa2l0Y2hlbiUyMHRpbGV8ZW58MHwwfDB8fHww:0
[    8800ms] [ERROR] Failed to load resource: net::ERR_CONNECTION_CLOSED @ https://images.unsplash.com/photo-1683629357935-f3f4777ddf41?w=500&auto=format&fit=crop&q=60&ixlib=rb-4.1.0&ixid=M3wxMjA3fDB8MHxzZWFyY2h8MTF8fGx1eHVyeSUyMGtpdGNoZW4lMjB0aWxlfGVufDB8MHwwfHx8MA%3D%3D:0
[    8800ms] [ERROR] Failed to load resource: net::ERR_CONNECTION_CLOSED @ https://images.unsplash.com/photo-1696986324692-f4aa0f2f495d?w=500&auto=format&fit=crop&q=60&ixlib=rb-4.1.0&ixid=M3wxMjA3fDB8MHxzZWFyY2h8MTR8fGx1eHVyeSUyMGtpdGNoZW4lMjB0aWxlfGVufDB8MHwwfHx8MA%3D%3D:0
[    8800ms] [ERROR] Failed to load resource: net::ERR_CONNECTION_CLOSED @ https://images.unsplash.com/profile-1747643016583-5fd4519a0d80image?w=32&dpr=2&crop=faces&bg=%23fff&h=32&auto=format&fit=crop&q=60&ixlib=rb-4.1.0:0
[    8800ms] [ERROR] Failed to load resource: net::ERR_CONNECTION_CLOSED @ https://images.unsplash.com/profile-1597352768527-91be0c87af19image?w=32&dpr=2&crop=faces&bg=%23fff&h=32&auto=format&fit=crop&q=60&ixlib=rb-4.1.0:0
[    8800ms] [ERROR] Failed to load resource: net::ERR_CONNECTION_CLOSED @ https://images.unsplash.com/profile-1778225539610-5e5869f7716dimage?w=32&dpr=2&crop=faces&bg=%23fff&h=32&auto=format&fit=crop&q=60&ixlib=rb-4.1.0:0
[    8800ms] [ERROR] Failed to load resource: net::ERR_CONNECTION_CLOSED @ https://images.unsplash.com/profile-1661537276190-b27bf63fd940image?w=32&dpr=2&crop=faces&bg=%23fff&h=32&auto=format&fit=crop&q=60&ixlib=rb-4.1.0:0
[    8801ms] [ERROR] Failed to load resource: net::ERR_CONNECTION_CLOSED @ https://images.unsplash.com/profile-1670236743900-356b1ee0dc42image?w=32&dpr=2&crop=faces&bg=%23fff&h=32&auto=format&fit=crop&q=60&ixlib=rb-4.1.0:0
[    8801ms] [ERROR] Failed to load resource: net::ERR_CONNECTION_CLOSED @ https://images.unsplash.com/profile-1706713048806-8af4caff0d3eimage?w=32&dpr=2&crop=faces&bg=%23fff&h=32&auto=format&fit=crop&q=60&ixlib=rb-4.1.0:0
[    8801ms] [ERROR] Failed to load resource: net::ERR_CONNECTION_CLOSED @ https://images.unsplash.com/profile-1633188007839-1236da700089image?w=32&dpr=2&crop=faces&bg=%23fff&h=32&auto=format&fit=crop&q=60&ixlib=rb-4.1.0:0
[    8801ms] [ERROR] Failed to load resource: net::ERR_CONNECTION_CLOSED @ https://images.unsplash.com/profile-1635567309453-f259d0a2f676image?w=32&dpr=2&crop=faces&bg=%23fff&h=32&auto=format&fit=crop&q=60&ixlib=rb-4.1.0:0
[    8801ms] [ERROR] Failed to load resource: net::ERR_CONNECTION_CLOSED @ https://images.unsplash.com/profile-1762852962382-b27056b8f3f9image?w=32&dpr=2&crop=faces&bg=%23fff&h=32&auto=format&fit=crop&q=60&ixlib=rb-4.1.0:0
[    8801ms] [ERROR] Failed to load resource: net::ERR_CONNECTION_CLOSED @ https://images.unsplash.com/profile-1563210140995-841d10cf480e?w=32&dpr=2&crop=faces&bg=%23fff&h=32&auto=format&fit=crop&q=60&ixlib=rb-4.1.0:0
[    8801ms] [ERROR] Failed to load resource: net::ERR_CONNECTION_CLOSED @ https://images.unsplash.com/profile-1630703387647-346d96166d3cimage?w=32&dpr=2&crop=faces&bg=%23fff&h=32&auto=format&fit=crop&q=60&ixlib=rb-4.1.0:0
[    8801ms] [ERROR] Failed to load resource: net::ERR_CONNECTION_CLOSED @ https://images.unsplash.com/file-1715714098234-25b8b4e9d8faimage?w=416&dpr=2&auto=format&fit=crop&q=60:0
[    8801ms] [ERROR] Failed to load resource: net::ERR_CONNECTION_CLOSED @ https://images.unsplash.com/file-1631678316303-ed18b8b5cb9cimage?w=120&dpr=2&auto=format&fit=crop&q=60:0
